[2026-04-21T17:58:46.012+0000] {taskinstance.py:1956} INFO - Dependencies all met for dep_context=non-requeueable deps ti=<TaskInstance: weather_etl_pipeline.load_to_postgres scheduled__2026-04-21T17:30:00+00:00 [queued]>
[2026-04-21T17:58:46.020+0000] {taskinstance.py:1956} INFO - Dependencies all met for dep_context=requeueable deps ti=<TaskInstance: weather_etl_pipeline.load_to_postgres scheduled__2026-04-21T17:30:00+00:00 [queued]>
[2026-04-21T17:58:46.021+0000] {taskinstance.py:2170} INFO - Starting attempt 1 of 3
[2026-04-21T17:58:46.033+0000] {taskinstance.py:2191} INFO - Executing <Task(PythonOperator): load_to_postgres> on 2026-04-21 17:30:00+00:00
[2026-04-21T17:58:46.041+0000] {standard_task_runner.py:60} INFO - Started process 240 to run task
[2026-04-21T17:58:46.046+0000] {standard_task_runner.py:87} INFO - Running: ['***', 'tasks', 'run', 'weather_etl_pipeline', 'load_to_postgres', 'scheduled__2026-04-21T17:30:00+00:00', '--job-id', '7', '--raw', '--subdir', 'DAGS_FOLDER/weather_etl_dag.py', '--cfg-path', '/tmp/tmpmhqktvka']
[2026-04-21T17:58:46.049+0000] {standard_task_runner.py:88} INFO - Job 7: Subtask load_to_postgres
[2026-04-21T17:58:46.112+0000] {task_command.py:423} INFO - Running <TaskInstance: weather_etl_pipeline.load_to_postgres scheduled__2026-04-21T17:30:00+00:00 [running]> on host c89e6e271c48
[2026-04-21T17:58:46.208+0000] {taskinstance.py:2480} INFO - Exporting env vars: AIRFLOW_CTX_DAG_OWNER='weather_pipeline' AIRFLOW_CTX_DAG_ID='weather_etl_pipeline' AIRFLOW_CTX_TASK_ID='load_to_postgres' AIRFLOW_CTX_EXECUTION_DATE='2026-04-21T17:30:00+00:00' AIRFLOW_CTX_TRY_NUMBER='1' AIRFLOW_CTX_DAG_RUN_ID='scheduled__2026-04-21T17:30:00+00:00'
[2026-04-21T17:58:46.225+0000] {load.py:81} INFO - Loading 5 records into PostgreSQL
[2026-04-21T17:58:46.232+0000] {taskinstance.py:2698} ERROR - Task failed with exception
Traceback (most recent call last):
  File "/home/airflow/.local/lib/python3.8/site-packages/airflow/models/taskinstance.py", line 433, in _execute_task
    result = execute_callable(context=context, **execute_callable_kwargs)
  File "/home/airflow/.local/lib/python3.8/site-packages/airflow/operators/python.py", line 199, in execute
    return_value = self.execute_callable()
  File "/home/airflow/.local/lib/python3.8/site-packages/airflow/operators/python.py", line 216, in execute_callable
    return self.python_callable(*self.op_args, **self.op_kwargs)
  File "/opt/airflow/plugins/load.py", line 83, in load_to_postgres
    conn = psycopg2.connect(
  File "/home/airflow/.local/lib/python3.8/site-packages/psycopg2/__init__.py", line 122, in connect
    conn = _connect(dsn, connection_factory=connection_factory, **kwasync)
psycopg2.OperationalError: connection to server at "postgres" (172.19.0.3), port 5432 failed: FATAL:  database "weather_db" does not exist

[2026-04-21T17:58:46.248+0000] {taskinstance.py:1138} INFO - Marking task as UP_FOR_RETRY. dag_id=weather_etl_pipeline, task_id=load_to_postgres, execution_date=20260421T173000, start_date=20260421T175846, end_date=20260421T175846
[2026-04-21T17:58:46.258+0000] {standard_task_runner.py:107} ERROR - Failed to execute job 7 for task load_to_postgres (connection to server at "postgres" (172.19.0.3), port 5432 failed: FATAL:  database "weather_db" does not exist
; 240)
[2026-04-21T17:58:46.302+0000] {local_task_job_runner.py:234} INFO - Task exited with return code 1
[2026-04-21T17:58:46.328+0000] {taskinstance.py:3280} INFO - 0 downstream tasks scheduled from follow-on schedule check
