[2026-04-22T06:46:46.768+0000] {taskinstance.py:1956} INFO - Dependencies all met for dep_context=non-requeueable deps ti=<TaskInstance: weather_etl_pipeline.extract_from_kafka scheduled__2026-04-22T06:30:00+00:00 [queued]>
[2026-04-22T06:46:46.780+0000] {taskinstance.py:1956} INFO - Dependencies all met for dep_context=requeueable deps ti=<TaskInstance: weather_etl_pipeline.extract_from_kafka scheduled__2026-04-22T06:30:00+00:00 [queued]>
[2026-04-22T06:46:46.780+0000] {taskinstance.py:2170} INFO - Starting attempt 1 of 3
[2026-04-22T06:46:46.795+0000] {taskinstance.py:2191} INFO - Executing <Task(PythonOperator): extract_from_kafka> on 2026-04-22 06:30:00+00:00
[2026-04-22T06:46:46.802+0000] {standard_task_runner.py:60} INFO - Started process 255 to run task
[2026-04-22T06:46:46.806+0000] {standard_task_runner.py:87} INFO - Running: ['***', 'tasks', 'run', 'weather_etl_pipeline', 'extract_from_kafka', 'scheduled__2026-04-22T06:30:00+00:00', '--job-id', '46', '--raw', '--subdir', 'DAGS_FOLDER/weather_etl_dag.py', '--cfg-path', '/tmp/tmp1cllsn30']
[2026-04-22T06:46:46.809+0000] {standard_task_runner.py:88} INFO - Job 46: Subtask extract_from_kafka
[2026-04-22T06:46:46.876+0000] {task_command.py:423} INFO - Running <TaskInstance: weather_etl_pipeline.extract_from_kafka scheduled__2026-04-22T06:30:00+00:00 [running]> on host c89e6e271c48
[2026-04-22T06:46:46.993+0000] {taskinstance.py:2480} INFO - Exporting env vars: AIRFLOW_CTX_DAG_OWNER='weather_pipeline' AIRFLOW_CTX_DAG_ID='weather_etl_pipeline' AIRFLOW_CTX_TASK_ID='extract_from_kafka' AIRFLOW_CTX_EXECUTION_DATE='2026-04-22T06:30:00+00:00' AIRFLOW_CTX_TRY_NUMBER='1' AIRFLOW_CTX_DAG_RUN_ID='scheduled__2026-04-22T06:30:00+00:00'
[2026-04-22T06:46:46.995+0000] {extract.py:16} INFO - Connecting to Kafka at kafka:29092, topic=weather.raw
[2026-04-22T06:46:55.005+0000] {conn.py:1530} WARNING - DNS lookup failed for kafka:29092, exception was [Errno -3] Temporary failure in name resolution. Is your advertised.listeners (called advertised.host.name before Kafka 9) correct and resolvable?
[2026-04-22T06:46:55.006+0000] {conn.py:323} ERROR - <BrokerConnection client_id=kafka-python-2.3.1, node_id=bootstrap-0 host=kafka:29092 <connecting> [unspecified None]>: DNS lookup failed for kafka:29092 (0)
[2026-04-22T06:46:55.006+0000] {conn.py:951} ERROR - <BrokerConnection client_id=kafka-python-2.3.1, node_id=bootstrap-0 host=kafka:29092 <connecting> [unspecified None]>: Closing connection. KafkaConnectionError: DNS failure
[2026-04-22T06:46:55.007+0000] {taskinstance.py:2698} ERROR - Task failed with exception
Traceback (most recent call last):
  File "/home/airflow/.local/lib/python3.8/site-packages/airflow/models/taskinstance.py", line 433, in _execute_task
    result = execute_callable(context=context, **execute_callable_kwargs)
  File "/home/airflow/.local/lib/python3.8/site-packages/airflow/operators/python.py", line 199, in execute
    return_value = self.execute_callable()
  File "/home/airflow/.local/lib/python3.8/site-packages/airflow/operators/python.py", line 216, in execute_callable
    return self.python_callable(*self.op_args, **self.op_kwargs)
  File "/opt/airflow/plugins/extract.py", line 18, in extract_from_kafka
    consumer = KafkaConsumer(
  File "/home/airflow/.local/lib/python3.8/site-packages/kafka/consumer/group.py", line 397, in __init__
    self._client = self.config['kafka_client'](metrics=self._metrics, **self.config)
  File "/home/airflow/.local/lib/python3.8/site-packages/kafka/client_async.py", line 262, in __init__
    self.config['api_version'] = self.check_version()
  File "/home/airflow/.local/lib/python3.8/site-packages/kafka/client_async.py", line 1076, in check_version
    raise Errors.NoBrokersAvailable()
kafka.errors.NoBrokersAvailable: NoBrokersAvailable
[2026-04-22T06:46:55.044+0000] {taskinstance.py:1138} INFO - Marking task as UP_FOR_RETRY. dag_id=weather_etl_pipeline, task_id=extract_from_kafka, execution_date=20260422T063000, start_date=20260422T064646, end_date=20260422T064655
[2026-04-22T06:46:55.063+0000] {standard_task_runner.py:107} ERROR - Failed to execute job 46 for task extract_from_kafka (NoBrokersAvailable; 255)
[2026-04-22T06:46:55.096+0000] {local_task_job_runner.py:234} INFO - Task exited with return code 1
[2026-04-22T06:46:55.129+0000] {taskinstance.py:3280} INFO - 0 downstream tasks scheduled from follow-on schedule check
